0 info it worked if it ends with ok
1 verbose cli [ 'C:\\Program Files\\nodejs\\node.exe',
1 verbose cli   'C:\\Program Files\\nodejs\\node_modules\\npm\\bin\\npm-cli.js',
1 verbose cli   'start' ]
2 info using npm@3.10.8
3 info using node@v6.9.1
4 verbose run-script [ 'prestart', 'start', 'poststart' ]
5 info lifecycle argumentation-webserver@0.0.1~prestart: argumentation-webserver@0.0.1
6 silly lifecycle argumentation-webserver@0.0.1~prestart: no script for prestart, continuing
7 info lifecycle argumentation-webserver@0.0.1~start: argumentation-webserver@0.0.1
8 verbose lifecycle argumentation-webserver@0.0.1~start: unsafe-perm in lifecycle true
9 verbose lifecycle argumentation-webserver@0.0.1~start: PATH: C:\Program Files\nodejs\node_modules\npm\bin\node-gyp-bin;C:\PfeProject\pfe-group-8\node_modules\.bin;C:\ProgramData\Oracle\Java\javapath;C:\Program Files\Common Files\Microsoft Shared\Windows Live; C:\Program Files\Java\jdk1.8.0_101; C:\Program Files\Java\jre1.8.0_101;C:\Program Files (x86)\scala\bin; ; C:\Program Files\apache-maven-3.3.9\bin;C:\Program Files (x86)\Skype\Phone\;C:\Program Files\nodejs\;C:\Program Files\Common Files\Microsoft Shared\Windows Live;C:\Program Files\Java\jdk1.8.0_101\bin; C:\Program Files\Java\jre1.8.0_101; C:\Program Files\apache-maven-3.3.9/bin\;C:\Program Files (x86)\SSH Communications Security\SSH Secure Shell;C:\Users\dell\AppData\Roaming\npm
10 verbose lifecycle argumentation-webserver@0.0.1~start: CWD: C:\PfeProject\pfe-group-8
11 silly lifecycle argumentation-webserver@0.0.1~start: Args: [ '/d /s /c', 'concurrent "npm run tsc:w" "npm run lite" ' ]
12 silly lifecycle argumentation-webserver@0.0.1~start: Returned: code: 1  signal: null
13 info lifecycle argumentation-webserver@0.0.1~start: Failed to exec start script
14 verbose stack Error: argumentation-webserver@0.0.1 start: `concurrent "npm run tsc:w" "npm run lite" `
14 verbose stack Exit status 1
14 verbose stack     at EventEmitter.<anonymous> (C:\Program Files\nodejs\node_modules\npm\lib\utils\lifecycle.js:255:16)
14 verbose stack     at emitTwo (events.js:106:13)
14 verbose stack     at EventEmitter.emit (events.js:191:7)
14 verbose stack     at ChildProcess.<anonymous> (C:\Program Files\nodejs\node_modules\npm\lib\utils\spawn.js:40:14)
14 verbose stack     at emitTwo (events.js:106:13)
14 verbose stack     at ChildProcess.emit (events.js:191:7)
14 verbose stack     at maybeClose (internal/child_process.js:877:16)
14 verbose stack     at Process.ChildProcess._handle.onexit (internal/child_process.js:226:5)
15 verbose pkgid argumentation-webserver@0.0.1
16 verbose cwd C:\PfeProject\pfe-group-8
17 error Windows_NT 6.1.7601
18 error argv "C:\\Program Files\\nodejs\\node.exe" "C:\\Program Files\\nodejs\\node_modules\\npm\\bin\\npm-cli.js" "start"
19 error node v6.9.1
20 error npm  v3.10.8
21 error code ELIFECYCLE
22 error argumentation-webserver@0.0.1 start: `concurrent "npm run tsc:w" "npm run lite" `
22 error Exit status 1
23 error Failed at the argumentation-webserver@0.0.1 start script 'concurrent "npm run tsc:w" "npm run lite" '.
23 error Make sure you have the latest version of node.js and npm installed.
23 error If you do, this is most likely a problem with the argumentation-webserver package,
23 error not with npm itself.
23 error Tell the author that this fails on your system:
23 error     concurrent "npm run tsc:w" "npm run lite"
23 error You can get information on how to open an issue for this project with:
23 error     npm bugs argumentation-webserver
23 error Or if that isn't available, you can get their info via:
23 error     npm owner ls argumentation-webserver
23 error There is likely additional logging output above.
24 verbose exit [ 1, true ]
